<?xml version="1.0" encoding="UTF-8"?>
<!-- Generated by org.testng.reporters.JUnitReportReporter -->
<testsuite hostname="PScopes-MBP" failures="0" tests="6" name="api.test.DataDrivenUserTests" time="9.329" errors="0" timestamp="2024-03-12T15:51:30 IST" skipped="0">
  <testcase classname="api.test.DataDrivenUserTests" name="testPostUserDD" time="1.435"/>
  <system-out/>
  <testcase classname="api.test.DataDrivenUserTests" name="testPostUserDD" time="1.114"/>
  <system-out/>
  <testcase classname="api.test.DataDrivenUserTests" name="testPostUserDD" time="3.269"/>
  <system-out/>
  <testcase classname="api.test.DataDrivenUserTests" name="testDeleteUserDD" time="1.104"/>
  <system-out/>
  <testcase classname="api.test.DataDrivenUserTests" name="testDeleteUserDD" time="1.278"/>
  <system-out/>
  <testcase classname="api.test.DataDrivenUserTests" name="testDeleteUserDD" time="1.129"/>
  <system-out/>
</testsuite> <!-- api.test.DataDrivenUserTests -->
