<?xml version="1.0" encoding="UTF-8"?>
<!-- Generated by org.testng.reporters.JUnitReportReporter -->
<testsuite hostname="PScopes-MacBook-Pro.local" failures="0" tests="4" name="api.test.UserTests2" time="8.477" errors="0" timestamp="2024-03-18T17:40:33 IST" skipped="0">
  <testcase classname="api.test.UserTests2" name="testPostUser" time="3.802"/>
  <system-out/>
  <testcase classname="api.test.UserTests2" name="testgetUser" time="1.175"/>
  <system-out/>
  <testcase classname="api.test.UserTests2" name="testupdateUser" time="2.416"/>
  <system-out/>
  <testcase classname="api.test.UserTests2" name="testdeleteUser" time="1.084"/>
  <system-out/>
</testsuite> <!-- api.test.UserTests2 -->
