<?xml version="1.0" encoding="UTF-8"?>
<!-- Generated by org.testng.reporters.JUnitReportReporter -->
<testsuite hostname="PScopes-MacBook-Pro.local" failures="0" tests="4" name="api.test.UserTests" time="8.270" errors="0" timestamp="2024-03-18T17:25:36 IST" skipped="0">
  <testcase classname="api.test.UserTests" name="testPostUser" time="3.791"/>
  <system-out/>
  <testcase classname="api.test.UserTests" name="testgetUser" time="1.150"/>
  <system-out/>
  <testcase classname="api.test.UserTests" name="testupdateUser" time="2.228"/>
  <system-out/>
  <testcase classname="api.test.UserTests" name="testdeleteUser" time="1.101"/>
  <system-out/>
</testsuite> <!-- api.test.UserTests -->
